

================================================================
== Vitis HLS Report for 'array_io'
================================================================
* Date:           Fri Oct 14 17:25:47 2022

* Version:        2022.1 (Build 3526262 on Mon Apr 18 15:48:16 MDT 2022)
* Project:        labA-3
* Solution:       solution2 (Vivado IP Flow Target)
* Product family: virtexuplus
* Target device:  xcvu9p-flgb2104-1-e


================================================================
== Performance Estimates
================================================================
+ Timing: 
    * Summary: 
    +--------+---------+----------+------------+
    |  Clock |  Target | Estimated| Uncertainty|
    +--------+---------+----------+------------+
    |ap_clk  |  4.00 ns|  2.029 ns|     1.08 ns|
    +--------+---------+----------+------------+

+ Latency: 
    * Summary: 
    +---------+---------+-----------+-----------+-----+-----+---------+
    |  Latency (cycles) |   Latency (absolute)  |  Interval | Pipeline|
    |   min   |   max   |    min    |    max    | min | max |   Type  |
    +---------+---------+-----------+-----------+-----+-----+---------+
    |        9|        9|  36.000 ns|  36.000 ns|   10|   10|       no|
    +---------+---------+-----------+-----------+-----+-----+---------+

    + Detail: 
        * Instance: 
        N/A

        * Loop: 
        N/A



================================================================
== Utilization Estimates
================================================================
* Summary: 
+---------------------+---------+------+---------+---------+-----+
|         Name        | BRAM_18K|  DSP |    FF   |   LUT   | URAM|
+---------------------+---------+------+---------+---------+-----+
|DSP                  |        -|     -|        -|        -|    -|
|Expression           |        -|     -|        0|     1640|    -|
|FIFO                 |        -|     -|        -|        -|    -|
|Instance             |        -|     -|        -|        -|    -|
|Memory               |        -|     -|        -|        -|    -|
|Multiplexer          |        -|     -|        -|      647|    -|
|Register             |        -|     -|     1298|        -|    -|
+---------------------+---------+------+---------+---------+-----+
|Total                |        0|     0|     1298|     2287|    0|
+---------------------+---------+------+---------+---------+-----+
|Available SLR        |     1440|  2280|   788160|   394080|  320|
+---------------------+---------+------+---------+---------+-----+
|Utilization SLR (%)  |        0|     0|       ~0|       ~0|    0|
+---------------------+---------+------+---------+---------+-----+
|Available            |     4320|  6840|  2364480|  1182240|  960|
+---------------------+---------+------+---------+---------+-----+
|Utilization (%)      |        0|     0|       ~0|       ~0|    0|
+---------------------+---------+------+---------+---------+-----+

+ Detail: 
    * Instance: 
    N/A

    * DSP: 
    N/A

    * Memory: 
    N/A

    * FIFO: 
    N/A

    * Expression: 
    +------------------------+----------+----+---+----+------------+------------+
    |      Variable Name     | Operation| DSP| FF| LUT| Bitwidth P0| Bitwidth P1|
    +------------------------+----------+----+---+----+------------+------------+
    |add_ln67_10_fu_1056_p2  |         +|   0|  0|  25|          18|          18|
    |add_ln67_12_fu_1078_p2  |         +|   0|  0|  32|          32|          32|
    |add_ln67_13_fu_941_p2   |         +|   0|  0|  24|          17|          17|
    |add_ln67_14_fu_1086_p2  |         +|   0|  0|  25|          18|          18|
    |add_ln67_16_fu_1192_p2  |         +|   0|  0|  32|          32|          32|
    |add_ln67_17_fu_1112_p2  |         +|   0|  0|  24|          17|          17|
    |add_ln67_18_fu_1200_p2  |         +|   0|  0|  25|          18|          18|
    |add_ln67_1_fu_896_p2    |         +|   0|  0|  24|          17|          17|
    |add_ln67_20_fu_1222_p2  |         +|   0|  0|  32|          32|          32|
    |add_ln67_21_fu_1127_p2  |         +|   0|  0|  24|          17|          17|
    |add_ln67_22_fu_1230_p2  |         +|   0|  0|  25|          18|          18|
    |add_ln67_24_fu_1252_p2  |         +|   0|  0|  32|          32|          32|
    |add_ln67_25_fu_1142_p2  |         +|   0|  0|  24|          17|          17|
    |add_ln67_26_fu_1260_p2  |         +|   0|  0|  25|          18|          18|
    |add_ln67_28_fu_1282_p2  |         +|   0|  0|  32|          32|          32|
    |add_ln67_29_fu_1157_p2  |         +|   0|  0|  24|          17|          17|
    |add_ln67_2_fu_996_p2    |         +|   0|  0|  25|          18|          18|
    |add_ln67_30_fu_1290_p2  |         +|   0|  0|  25|          18|          18|
    |add_ln67_4_fu_1018_p2   |         +|   0|  0|  32|          32|          32|
    |add_ln67_5_fu_911_p2    |         +|   0|  0|  24|          17|          17|
    |add_ln67_6_fu_1026_p2   |         +|   0|  0|  25|          18|          18|
    |add_ln67_8_fu_1048_p2   |         +|   0|  0|  32|          32|          32|
    |add_ln67_9_fu_926_p2    |         +|   0|  0|  24|          17|          17|
    |add_ln67_fu_988_p2      |         +|   0|  0|  32|          32|          32|
    |add_ln69_10_fu_810_p2   |         +|   0|  0|  23|          16|          16|
    |add_ln69_11_fu_815_p2   |         +|   0|  0|  23|          16|          16|
    |add_ln69_12_fu_820_p2   |         +|   0|  0|  23|          16|          16|
    |add_ln69_13_fu_825_p2   |         +|   0|  0|  23|          16|          16|
    |add_ln69_14_fu_830_p2   |         +|   0|  0|  23|          16|          16|
    |add_ln69_15_fu_835_p2   |         +|   0|  0|  23|          16|          16|
    |add_ln69_16_fu_840_p2   |         +|   0|  0|  23|          16|          16|
    |add_ln69_17_fu_845_p2   |         +|   0|  0|  23|          16|          16|
    |add_ln69_18_fu_850_p2   |         +|   0|  0|  23|          16|          16|
    |add_ln69_19_fu_855_p2   |         +|   0|  0|  23|          16|          16|
    |add_ln69_1_fu_710_p2    |         +|   0|  0|  23|          16|          16|
    |add_ln69_20_fu_872_p2   |         +|   0|  0|  23|          16|          16|
    |add_ln69_21_fu_877_p2   |         +|   0|  0|  23|          16|          16|
    |add_ln69_22_fu_882_p2   |         +|   0|  0|  23|          16|          16|
    |add_ln69_23_fu_887_p2   |         +|   0|  0|  23|          16|          16|
    |add_ln69_24_fu_902_p2   |         +|   0|  0|  23|          16|          16|
    |add_ln69_25_fu_917_p2   |         +|   0|  0|  23|          16|          16|
    |add_ln69_26_fu_932_p2   |         +|   0|  0|  23|          16|          16|
    |add_ln69_27_fu_947_p2   |         +|   0|  0|  23|          16|          16|
    |add_ln69_28_fu_1118_p2  |         +|   0|  0|  23|          16|          16|
    |add_ln69_29_fu_1133_p2  |         +|   0|  0|  23|          16|          16|
    |add_ln69_2_fu_724_p2    |         +|   0|  0|  23|          16|          16|
    |add_ln69_30_fu_1148_p2  |         +|   0|  0|  23|          16|          16|
    |add_ln69_31_fu_1163_p2  |         +|   0|  0|  23|          16|          16|
    |add_ln69_3_fu_738_p2    |         +|   0|  0|  23|          16|          16|
    |add_ln69_4_fu_752_p2    |         +|   0|  0|  23|          16|          16|
    |add_ln69_5_fu_766_p2    |         +|   0|  0|  23|          16|          16|
    |add_ln69_6_fu_780_p2    |         +|   0|  0|  23|          16|          16|
    |add_ln69_7_fu_794_p2    |         +|   0|  0|  23|          16|          16|
    |add_ln69_8_fu_800_p2    |         +|   0|  0|  23|          16|          16|
    |add_ln69_9_fu_805_p2    |         +|   0|  0|  23|          16|          16|
    |add_ln69_fu_696_p2      |         +|   0|  0|  23|          16|          16|
    |temp_1_fu_1036_p2       |         +|   0|  0|  32|          32|          32|
    |temp_2_fu_1066_p2       |         +|   0|  0|  32|          32|          32|
    |temp_3_fu_1096_p2       |         +|   0|  0|  32|          32|          32|
    |temp_4_fu_1210_p2       |         +|   0|  0|  32|          32|          32|
    |temp_5_fu_1240_p2       |         +|   0|  0|  32|          32|          32|
    |temp_6_fu_1270_p2       |         +|   0|  0|  32|          32|          32|
    |temp_7_fu_1300_p2       |         +|   0|  0|  32|          32|          32|
    |temp_fu_1006_p2         |         +|   0|  0|  32|          32|          32|
    +------------------------+----------+----+---+----+------------+------------+
    |Total                   |          |   0|  0|1640|        1304|        1304|
    +------------------------+----------+----+---+----+------------+------------+

    * Multiplexer: 
    +----------------+----+-----------+-----+-----------+
    |      Name      | LUT| Input Size| Bits| Total Bits|
    +----------------+----+-----------+-----+-----------+
    |ap_NS_fsm       |  59|         11|    1|         11|
    |d_i_0_address0  |  49|          9|    3|         27|
    |d_i_1_address0  |  49|          9|    3|         27|
    |d_i_2_address0  |  49|          9|    3|         27|
    |d_i_3_address0  |  49|          9|    3|         27|
    |d_o_0_address0  |  49|          9|    3|         27|
    |d_o_0_d0        |  49|          9|   16|        144|
    |d_o_1_address0  |  49|          9|    3|         27|
    |d_o_1_d0        |  49|          9|   16|        144|
    |d_o_2_address0  |  49|          9|    3|         27|
    |d_o_2_d0        |  49|          9|   16|        144|
    |d_o_3_address0  |  49|          9|    3|         27|
    |d_o_3_d0        |  49|          9|   16|        144|
    +----------------+----+-----------+-----+-----------+
    |Total           | 647|        119|   89|        803|
    +----------------+----+-----------+-----+-----------+

    * Register: 
    +-----------------------+----+----+-----+-----------+
    |          Name         | FF | LUT| Bits| Const Bits|
    +-----------------------+----+----+-----+-----------+
    |acc_0                  |  32|   0|   32|          0|
    |acc_1                  |  32|   0|   32|          0|
    |acc_2                  |  32|   0|   32|          0|
    |acc_3                  |  32|   0|   32|          0|
    |acc_4                  |  32|   0|   32|          0|
    |acc_5                  |  32|   0|   32|          0|
    |acc_6                  |  32|   0|   32|          0|
    |acc_7                  |  32|   0|   32|          0|
    |add_ln67_13_reg_1770   |  17|   0|   17|          0|
    |add_ln67_17_reg_1800   |  17|   0|   17|          0|
    |add_ln67_1_reg_1740    |  17|   0|   17|          0|
    |add_ln67_21_reg_1810   |  17|   0|   17|          0|
    |add_ln67_25_reg_1820   |  17|   0|   17|          0|
    |add_ln67_29_reg_1830   |  17|   0|   17|          0|
    |add_ln67_5_reg_1750    |  17|   0|   17|          0|
    |add_ln67_9_reg_1760    |  17|   0|   17|          0|
    |add_ln69_10_reg_1538   |  16|   0|   16|          0|
    |add_ln69_11_reg_1543   |  16|   0|   16|          0|
    |add_ln69_12_reg_1592   |  16|   0|   16|          0|
    |add_ln69_13_reg_1597   |  16|   0|   16|          0|
    |add_ln69_14_reg_1602   |  16|   0|   16|          0|
    |add_ln69_15_reg_1607   |  16|   0|   16|          0|
    |add_ln69_16_reg_1656   |  16|   0|   16|          0|
    |add_ln69_17_reg_1661   |  16|   0|   16|          0|
    |add_ln69_18_reg_1666   |  16|   0|   16|          0|
    |add_ln69_19_reg_1671   |  16|   0|   16|          0|
    |add_ln69_1_reg_1387    |  16|   0|   16|          0|
    |add_ln69_20_reg_1720   |  16|   0|   16|          0|
    |add_ln69_21_reg_1725   |  16|   0|   16|          0|
    |add_ln69_22_reg_1730   |  16|   0|   16|          0|
    |add_ln69_23_reg_1735   |  16|   0|   16|          0|
    |add_ln69_24_reg_1745   |  16|   0|   16|          0|
    |add_ln69_25_reg_1755   |  16|   0|   16|          0|
    |add_ln69_26_reg_1765   |  16|   0|   16|          0|
    |add_ln69_27_reg_1775   |  16|   0|   16|          0|
    |add_ln69_28_reg_1805   |  16|   0|   16|          0|
    |add_ln69_29_reg_1815   |  16|   0|   16|          0|
    |add_ln69_2_reg_1395    |  16|   0|   16|          0|
    |add_ln69_30_reg_1825   |  16|   0|   16|          0|
    |add_ln69_31_reg_1835   |  16|   0|   16|          0|
    |add_ln69_3_reg_1403    |  16|   0|   16|          0|
    |add_ln69_4_reg_1455    |  16|   0|   16|          0|
    |add_ln69_5_reg_1463    |  16|   0|   16|          0|
    |add_ln69_6_reg_1471    |  16|   0|   16|          0|
    |add_ln69_7_reg_1479    |  16|   0|   16|          0|
    |add_ln69_8_reg_1528    |  16|   0|   16|          0|
    |add_ln69_9_reg_1533    |  16|   0|   16|          0|
    |add_ln69_reg_1379      |  16|   0|   16|          0|
    |ap_CS_fsm              |  10|   0|   10|          0|
    |d_i_0_load_1_reg_1408  |  16|   0|   16|          0|
    |d_i_0_load_2_reg_1484  |  16|   0|   16|          0|
    |d_i_0_load_3_reg_1548  |  16|   0|   16|          0|
    |d_i_0_load_4_reg_1612  |  16|   0|   16|          0|
    |d_i_0_load_5_reg_1676  |  16|   0|   16|          0|
    |d_i_0_load_reg_1332    |  16|   0|   16|          0|
    |d_i_1_load_1_reg_1414  |  16|   0|   16|          0|
    |d_i_1_load_2_reg_1490  |  16|   0|   16|          0|
    |d_i_1_load_3_reg_1554  |  16|   0|   16|          0|
    |d_i_1_load_4_reg_1618  |  16|   0|   16|          0|
    |d_i_1_load_5_reg_1682  |  16|   0|   16|          0|
    |d_i_1_load_reg_1338    |  16|   0|   16|          0|
    |d_i_2_load_1_reg_1420  |  16|   0|   16|          0|
    |d_i_2_load_2_reg_1496  |  16|   0|   16|          0|
    |d_i_2_load_3_reg_1560  |  16|   0|   16|          0|
    |d_i_2_load_4_reg_1624  |  16|   0|   16|          0|
    |d_i_2_load_5_reg_1688  |  16|   0|   16|          0|
    |d_i_2_load_reg_1344    |  16|   0|   16|          0|
    |d_i_3_load_1_reg_1426  |  16|   0|   16|          0|
    |d_i_3_load_2_reg_1502  |  16|   0|   16|          0|
    |d_i_3_load_3_reg_1566  |  16|   0|   16|          0|
    |d_i_3_load_4_reg_1630  |  16|   0|   16|          0|
    |d_i_3_load_5_reg_1694  |  16|   0|   16|          0|
    |d_i_3_load_reg_1350    |  16|   0|   16|          0|
    +-----------------------+----+----+-----+-----------+
    |Total                  |1298|   0| 1298|          0|
    +-----------------------+----+----+-----+-----------+



================================================================
== Interface
================================================================
* Summary: 
+----------------+-----+-----+------------+--------------+--------------+
|    RTL Ports   | Dir | Bits|  Protocol  | Source Object|    C Type    |
+----------------+-----+-----+------------+--------------+--------------+
|ap_clk          |   in|    1|  ap_ctrl_hs|      array_io|  return value|
|ap_rst          |   in|    1|  ap_ctrl_hs|      array_io|  return value|
|ap_start        |   in|    1|  ap_ctrl_hs|      array_io|  return value|
|ap_done         |  out|    1|  ap_ctrl_hs|      array_io|  return value|
|ap_idle         |  out|    1|  ap_ctrl_hs|      array_io|  return value|
|ap_ready        |  out|    1|  ap_ctrl_hs|      array_io|  return value|
|d_o_0_address0  |  out|    3|   ap_memory|         d_o_0|         array|
|d_o_0_ce0       |  out|    1|   ap_memory|         d_o_0|         array|
|d_o_0_we0       |  out|    1|   ap_memory|         d_o_0|         array|
|d_o_0_d0        |  out|   16|   ap_memory|         d_o_0|         array|
|d_o_1_address0  |  out|    3|   ap_memory|         d_o_1|         array|
|d_o_1_ce0       |  out|    1|   ap_memory|         d_o_1|         array|
|d_o_1_we0       |  out|    1|   ap_memory|         d_o_1|         array|
|d_o_1_d0        |  out|   16|   ap_memory|         d_o_1|         array|
|d_o_2_address0  |  out|    3|   ap_memory|         d_o_2|         array|
|d_o_2_ce0       |  out|    1|   ap_memory|         d_o_2|         array|
|d_o_2_we0       |  out|    1|   ap_memory|         d_o_2|         array|
|d_o_2_d0        |  out|   16|   ap_memory|         d_o_2|         array|
|d_o_3_address0  |  out|    3|   ap_memory|         d_o_3|         array|
|d_o_3_ce0       |  out|    1|   ap_memory|         d_o_3|         array|
|d_o_3_we0       |  out|    1|   ap_memory|         d_o_3|         array|
|d_o_3_d0        |  out|   16|   ap_memory|         d_o_3|         array|
|d_i_0_address0  |  out|    3|   ap_memory|         d_i_0|         array|
|d_i_0_ce0       |  out|    1|   ap_memory|         d_i_0|         array|
|d_i_0_q0        |   in|   16|   ap_memory|         d_i_0|         array|
|d_i_1_address0  |  out|    3|   ap_memory|         d_i_1|         array|
|d_i_1_ce0       |  out|    1|   ap_memory|         d_i_1|         array|
|d_i_1_q0        |   in|   16|   ap_memory|         d_i_1|         array|
|d_i_2_address0  |  out|    3|   ap_memory|         d_i_2|         array|
|d_i_2_ce0       |  out|    1|   ap_memory|         d_i_2|         array|
|d_i_2_q0        |   in|   16|   ap_memory|         d_i_2|         array|
|d_i_3_address0  |  out|    3|   ap_memory|         d_i_3|         array|
|d_i_3_ce0       |  out|    1|   ap_memory|         d_i_3|         array|
|d_i_3_q0        |   in|   16|   ap_memory|         d_i_3|         array|
+----------------+-----+-----+------------+--------------+--------------+

