

================================================================
== Synthesis Summary Report of 'array_io'
================================================================
+ General Information: 
    * Date:           Fri Oct 14 17:25:49 2022
    * Version:        2022.1 (Build 3526262 on Mon Apr 18 15:48:16 MDT 2022)
    * Project:        labA-3
    * Solution:       solution2 (Vivado IP Flow Target)
    * Product family: virtexuplus
    * Target device:  xcvu9p-flgb2104-1-e
    

+ Performance & Resource Estimates: 
    
    PS: '+' for module; 'o' for loop; '*' for dataflow
    +------------+------+------+---------+--------+----------+---------+------+----------+------+----+------------+------------+-----+
    |   Modules  | Issue|      | Latency | Latency| Iteration|         | Trip |          |      |    |            |            |     |
    |   & Loops  | Type | Slack| (cycles)|  (ns)  |  Latency | Interval| Count| Pipelined| BRAM | DSP|     FF     |     LUT    | URAM|
    +------------+------+------+---------+--------+----------+---------+------+----------+------+----+------------+------------+-----+
    |+ array_io  |     -|  0.89|        9|  36.000|         -|       10|     -|        no|     -|   -|  1298 (~0%)|  2287 (~0%)|    -|
    +------------+------+------+---------+--------+----------+---------+------+----------+------+----+------------+------------+-----+


================================================================
== HW Interfaces
================================================================
* AP_MEMORY
+----------------+----------+
| Interface      | Bitwidth |
+----------------+----------+
| d_i_0_address0 | 3        |
| d_i_0_q0       | 16       |
| d_i_1_address0 | 3        |
| d_i_1_q0       | 16       |
| d_i_2_address0 | 3        |
| d_i_2_q0       | 16       |
| d_i_3_address0 | 3        |
| d_i_3_q0       | 16       |
| d_o_0_address0 | 3        |
| d_o_0_d0       | 16       |
| d_o_1_address0 | 3        |
| d_o_1_d0       | 16       |
| d_o_2_address0 | 3        |
| d_o_2_d0       | 16       |
| d_o_3_address0 | 3        |
| d_o_3_d0       | 16       |
+----------------+----------+

* TOP LEVEL CONTROL
+-----------+------------+-----------------------------------+
| Interface | Type       | Ports                             |
+-----------+------------+-----------------------------------+
| ap_clk    | clock      | ap_clk                            |
| ap_rst    | reset      | ap_rst                            |
| ap_ctrl   | ap_ctrl_hs | ap_done ap_idle ap_ready ap_start |
+-----------+------------+-----------------------------------+


================================================================
== SW I/O Information
================================================================
* Top Function Arguments
+----------+-----------+----------+
| Argument | Direction | Datatype |
+----------+-----------+----------+
| d_o      | out       | short*   |
| d_i      | in        | short*   |
+----------+-----------+----------+

* SW-to-HW Mapping
+----------+----------------+---------+----------+
| Argument | HW Interface   | HW Type | HW Usage |
+----------+----------------+---------+----------+
| d_o      | d_o_0_address0 | port    | offset   |
| d_o      | d_o_0_ce0      | port    |          |
| d_o      | d_o_0_we0      | port    |          |
| d_o      | d_o_0_d0       | port    |          |
| d_o      | d_o_1_address0 | port    | offset   |
| d_o      | d_o_1_ce0      | port    |          |
| d_o      | d_o_1_we0      | port    |          |
| d_o      | d_o_1_d0       | port    |          |
| d_o      | d_o_2_address0 | port    | offset   |
| d_o      | d_o_2_ce0      | port    |          |
| d_o      | d_o_2_we0      | port    |          |
| d_o      | d_o_2_d0       | port    |          |
| d_o      | d_o_3_address0 | port    | offset   |
| d_o      | d_o_3_ce0      | port    |          |
| d_o      | d_o_3_we0      | port    |          |
| d_o      | d_o_3_d0       | port    |          |
| d_i      | d_i_0_address0 | port    | offset   |
| d_i      | d_i_0_ce0      | port    |          |
| d_i      | d_i_0_q0       | port    |          |
| d_i      | d_i_1_address0 | port    | offset   |
| d_i      | d_i_1_ce0      | port    |          |
| d_i      | d_i_1_q0       | port    |          |
| d_i      | d_i_2_address0 | port    | offset   |
| d_i      | d_i_2_ce0      | port    |          |
| d_i      | d_i_2_q0       | port    |          |
| d_i      | d_i_3_address0 | port    | offset   |
| d_i      | d_i_3_ce0      | port    |          |
| d_i      | d_i_3_q0       | port    |          |
+----------+----------------+---------+----------+


================================================================
== Bind Op Report
================================================================
+--------------------------+-----+--------+-------------+-----+--------+---------+
| Name                     | DSP | Pragma | Variable    | Op  | Impl   | Latency |
+--------------------------+-----+--------+-------------+-----+--------+---------+
| + array_io               | 0   |        |             |     |        |         |
|   add_ln69_fu_696_p2     | -   |        | add_ln69    | add | fabric | 0       |
|   add_ln69_1_fu_710_p2   | -   |        | add_ln69_1  | add | fabric | 0       |
|   add_ln69_2_fu_724_p2   | -   |        | add_ln69_2  | add | fabric | 0       |
|   add_ln69_3_fu_738_p2   | -   |        | add_ln69_3  | add | fabric | 0       |
|   add_ln69_4_fu_752_p2   | -   |        | add_ln69_4  | add | fabric | 0       |
|   add_ln69_5_fu_766_p2   | -   |        | add_ln69_5  | add | fabric | 0       |
|   add_ln69_6_fu_780_p2   | -   |        | add_ln69_6  | add | fabric | 0       |
|   add_ln69_7_fu_794_p2   | -   |        | add_ln69_7  | add | fabric | 0       |
|   add_ln69_8_fu_800_p2   | -   |        | add_ln69_8  | add | fabric | 0       |
|   add_ln69_9_fu_805_p2   | -   |        | add_ln69_9  | add | fabric | 0       |
|   add_ln69_10_fu_810_p2  | -   |        | add_ln69_10 | add | fabric | 0       |
|   add_ln69_11_fu_815_p2  | -   |        | add_ln69_11 | add | fabric | 0       |
|   add_ln69_12_fu_820_p2  | -   |        | add_ln69_12 | add | fabric | 0       |
|   add_ln69_13_fu_825_p2  | -   |        | add_ln69_13 | add | fabric | 0       |
|   add_ln69_14_fu_830_p2  | -   |        | add_ln69_14 | add | fabric | 0       |
|   add_ln69_15_fu_835_p2  | -   |        | add_ln69_15 | add | fabric | 0       |
|   add_ln69_16_fu_840_p2  | -   |        | add_ln69_16 | add | fabric | 0       |
|   add_ln69_17_fu_845_p2  | -   |        | add_ln69_17 | add | fabric | 0       |
|   add_ln69_18_fu_850_p2  | -   |        | add_ln69_18 | add | fabric | 0       |
|   add_ln69_19_fu_855_p2  | -   |        | add_ln69_19 | add | fabric | 0       |
|   add_ln69_20_fu_872_p2  | -   |        | add_ln69_20 | add | fabric | 0       |
|   add_ln69_21_fu_877_p2  | -   |        | add_ln69_21 | add | fabric | 0       |
|   add_ln69_22_fu_882_p2  | -   |        | add_ln69_22 | add | fabric | 0       |
|   add_ln69_23_fu_887_p2  | -   |        | add_ln69_23 | add | fabric | 0       |
|   add_ln67_1_fu_896_p2   | -   |        | add_ln67_1  | add | fabric | 0       |
|   add_ln67_2_fu_996_p2   | -   |        | add_ln67_2  | add | fabric | 0       |
|   add_ln69_24_fu_902_p2  | -   |        | add_ln69_24 | add | fabric | 0       |
|   add_ln67_5_fu_911_p2   | -   |        | add_ln67_5  | add | fabric | 0       |
|   add_ln67_6_fu_1026_p2  | -   |        | add_ln67_6  | add | fabric | 0       |
|   add_ln69_25_fu_917_p2  | -   |        | add_ln69_25 | add | fabric | 0       |
|   add_ln67_9_fu_926_p2   | -   |        | add_ln67_9  | add | fabric | 0       |
|   add_ln67_10_fu_1056_p2 | -   |        | add_ln67_10 | add | fabric | 0       |
|   add_ln69_26_fu_932_p2  | -   |        | add_ln69_26 | add | fabric | 0       |
|   add_ln67_13_fu_941_p2  | -   |        | add_ln67_13 | add | fabric | 0       |
|   add_ln67_14_fu_1086_p2 | -   |        | add_ln67_14 | add | fabric | 0       |
|   add_ln69_27_fu_947_p2  | -   |        | add_ln69_27 | add | fabric | 0       |
|   add_ln67_17_fu_1112_p2 | -   |        | add_ln67_17 | add | fabric | 0       |
|   add_ln67_18_fu_1200_p2 | -   |        | add_ln67_18 | add | fabric | 0       |
|   add_ln69_28_fu_1118_p2 | -   |        | add_ln69_28 | add | fabric | 0       |
|   add_ln67_21_fu_1127_p2 | -   |        | add_ln67_21 | add | fabric | 0       |
|   add_ln67_22_fu_1230_p2 | -   |        | add_ln67_22 | add | fabric | 0       |
|   add_ln69_29_fu_1133_p2 | -   |        | add_ln69_29 | add | fabric | 0       |
|   add_ln67_25_fu_1142_p2 | -   |        | add_ln67_25 | add | fabric | 0       |
|   add_ln67_26_fu_1260_p2 | -   |        | add_ln67_26 | add | fabric | 0       |
|   add_ln69_30_fu_1148_p2 | -   |        | add_ln69_30 | add | fabric | 0       |
|   add_ln67_29_fu_1157_p2 | -   |        | add_ln67_29 | add | fabric | 0       |
|   add_ln67_30_fu_1290_p2 | -   |        | add_ln67_30 | add | fabric | 0       |
|   add_ln69_31_fu_1163_p2 | -   |        | add_ln69_31 | add | fabric | 0       |
+--------------------------+-----+--------+-------------+-----+--------+---------+


================================================================
== Bind Storage Report
================================================================
  No bind storage info in design

================================================================
== Pragma Report
================================================================
* Valid Pragma Syntax
+-----------------+----------------------------------------+-----------------------------------------------------+
| Type            | Options                                | Location                                            |
+-----------------+----------------------------------------+-----------------------------------------------------+
| array_partition | variable=d_i cyclic factor=4 dim=1     | labA-3/solution2/directives.tcl:9 in array_io, d_i  |
| array_partition | variable=d_o cyclic factor=4 dim=1     | labA-3/solution2/directives.tcl:8 in array_io, d_o  |
| interface       | ap_memory storage_type=ram_1p port=d_i | labA-3/solution2/directives.tcl:11 in array_io, d_i |
| interface       | ap_memory storage_type=ram_1p port=d_o | labA-3/solution2/directives.tcl:10 in array_io, d_o |
| unroll          |                                        | labA-3/solution2/directives.tcl:7 in array_io       |
+-----------------+----------------------------------------+-----------------------------------------------------+


