   Build using "Z:/Xilinx/Vitis_HLS/2022.1/tps/win64/msys64/mingw64/bin/g++"
   Compiling apatb_array_io.cpp
   Compiling (apcc) array_io_test.c_pre.c.tb.c
INFO: [HLS 200-10] Running 'Z:/Xilinx/Vitis_HLS/2022.1/bin/unwrapped/win64.o/apcc.exe'
INFO: [HLS 200-10] For user 'user' on host 'desktop-h2meuod' (Windows NT_amd64 version 6.2) on Fri Oct 14 17:30:37 +0800 2022
INFO: [HLS 200-10] In directory 'C:/Users/user/Desktop/HLS/labA_vitis/labA-3/solution1/sim/wrapc'
clang: warning: argument unused during compilation: '-fno-builtin-isinf'
clang: warning: argument unused during compilation: '-fno-builtin-isnan'
INFO: [APCC 202-3] Tmp directory is apcc_db
INFO: [APCC 202-1] APCC is done.
INFO: [HLS 200-112] Total CPU user time: 0 seconds. Total CPU system time: 0 seconds. Total elapsed time: 2.599 seconds; peak allocated memory: 0.707 MB.
   Compiling (apcc) array_io.c_pre.c.tb.c
INFO: [HLS 200-10] Running 'Z:/Xilinx/Vitis_HLS/2022.1/bin/unwrapped/win64.o/apcc.exe'
INFO: [HLS 200-10] For user 'user' on host 'desktop-h2meuod' (Windows NT_amd64 version 6.2) on Fri Oct 14 17:30:41 +0800 2022
INFO: [HLS 200-10] In directory 'C:/Users/user/Desktop/HLS/labA_vitis/labA-3/solution1/sim/wrapc'
clang: warning: argument unused during compilation: '-fno-builtin-isinf'
clang: warning: argument unused during compilation: '-fno-builtin-isnan'
INFO: [APCC 202-3] Tmp directory is apcc_db
INFO: [APCC 202-1] APCC is done.
INFO: [HLS 200-112] Total CPU user time: 0 seconds. Total CPU system time: 0 seconds. Total elapsed time: 2.369 seconds; peak allocated memory: 0.668 MB.
   Compiling apatb_array_io_ir.ll
   Generating cosim.tv.exe
