

================================================================
== Vitis HLS Report for 'adders'
================================================================
* Date:           Thu Oct 13 15:50:27 2022

* Version:        2022.1 (Build 3526262 on Mon Apr 18 15:48:16 MDT 2022)
* Project:        labA-1
* Solution:       solution1 (Vivado IP Flow Target)
* Product family: virtexuplus
* Target device:  xcvu9p-flgb2104-1-e


================================================================
== Performance Estimates
================================================================
+ Timing: 
    * Summary: 
    +--------+---------+----------+------------+
    |  Clock |  Target | Estimated| Uncertainty|
    +--------+---------+----------+------------+
    |ap_clk  |  3.25 ns|  2.028 ns|     0.88 ns|
    +--------+---------+----------+------------+

+ Latency: 
    * Summary: 
    +---------+---------+-----------+-----------+-----+-----+---------+
    |  Latency (cycles) |   Latency (absolute)  |  Interval | Pipeline|
    |   min   |   max   |    min    |    max    | min | max |   Type  |
    +---------+---------+-----------+-----------+-----+-----+---------+
    |        5|        5|  16.250 ns|  16.250 ns|    6|    6|       no|
    +---------+---------+-----------+-----------+-----+-----+---------+

    + Detail: 
        * Instance: 
        N/A

        * Loop: 
        N/A

============================================================
+ Verbose Summary: Synthesis Manager
============================================================
InlineROM: 1
ExposeGlobal: 0
============================================================
+ Verbose Summary: CDFG Model
============================================================
IsTopModel: 1
ResetActiveHigh: 1
IsCombinational: 0
IsDatapathOnly: 0
HasWiredReturn: 1
HasMFsm: 0
HasVarLatency: 1
IsPipeline: 0
IsRtlPipelined: 0
IsInstanceOverlapped: 0
IsDontTouch: 0
HasImplIP: 0
IsGatedGlobalClock: 0


============================================================
+ Verbose Summary: Schedule
============================================================
* Number of FSM states : 6
* Pipeline : 0
* Dataflow Pipeline: 0

* FSM state transitions: 
1 --> 2 
2 --> 3 
3 --> 4 
4 --> 5 
5 --> 6 
6 --> 

* FSM state operations: 

State 1 <SV = 0> <Delay = 2.02>
ST_1 : Operation 7 [1/1] (0.00ns)   --->   "%in1_read = read i32 @_ssdm_op_Read.ap_auto.i32, i32 %in1" [../course-labA/Interface_Synthesis/lab1/adders.c:47]   --->   Operation 7 'read' 'in1_read' <Predicate = true> <Delay = 0.00>
ST_1 : Operation 8 [5/5] (2.02ns)   --->   "%mul_ln50 = mul i32 %in1_read, i32 1433517753" [../course-labA/Interface_Synthesis/lab1/adders.c:50]   --->   Operation 8 'mul' 'mul_ln50' <Predicate = true> <Delay = 2.02> <CoreInst = "Multiplier">   --->   Core 3 'Multiplier' <Latency = 4> <II = 1> <Delay = 2.02> <FuncUnit> <Opcode : 'mul'> <InPorts = 2> <OutPorts = 1>

State 2 <SV = 1> <Delay = 2.02>
ST_2 : Operation 9 [4/5] (2.02ns)   --->   "%mul_ln50 = mul i32 %in1_read, i32 1433517753" [../course-labA/Interface_Synthesis/lab1/adders.c:50]   --->   Operation 9 'mul' 'mul_ln50' <Predicate = true> <Delay = 2.02> <CoreInst = "Multiplier">   --->   Core 3 'Multiplier' <Latency = 4> <II = 1> <Delay = 2.02> <FuncUnit> <Opcode : 'mul'> <InPorts = 2> <OutPorts = 1>

State 3 <SV = 2> <Delay = 2.02>
ST_3 : Operation 10 [3/5] (2.02ns)   --->   "%mul_ln50 = mul i32 %in1_read, i32 1433517753" [../course-labA/Interface_Synthesis/lab1/adders.c:50]   --->   Operation 10 'mul' 'mul_ln50' <Predicate = true> <Delay = 2.02> <CoreInst = "Multiplier">   --->   Core 3 'Multiplier' <Latency = 4> <II = 1> <Delay = 2.02> <FuncUnit> <Opcode : 'mul'> <InPorts = 2> <OutPorts = 1>

State 4 <SV = 3> <Delay = 2.02>
ST_4 : Operation 11 [2/5] (2.02ns)   --->   "%mul_ln50 = mul i32 %in1_read, i32 1433517753" [../course-labA/Interface_Synthesis/lab1/adders.c:50]   --->   Operation 11 'mul' 'mul_ln50' <Predicate = true> <Delay = 2.02> <CoreInst = "Multiplier">   --->   Core 3 'Multiplier' <Latency = 4> <II = 1> <Delay = 2.02> <FuncUnit> <Opcode : 'mul'> <InPorts = 2> <OutPorts = 1>

State 5 <SV = 4> <Delay = 2.02>
ST_5 : Operation 12 [1/5] (2.02ns)   --->   "%mul_ln50 = mul i32 %in1_read, i32 1433517753" [../course-labA/Interface_Synthesis/lab1/adders.c:50]   --->   Operation 12 'mul' 'mul_ln50' <Predicate = true> <Delay = 2.02> <CoreInst = "Multiplier">   --->   Core 3 'Multiplier' <Latency = 4> <II = 1> <Delay = 2.02> <FuncUnit> <Opcode : 'mul'> <InPorts = 2> <OutPorts = 1>

State 6 <SV = 5> <Delay = 0.90>
ST_6 : Operation 13 [1/1] (0.00ns)   --->   "%specbitsmap_ln0 = specbitsmap void @_ssdm_op_SpecBitsMap, i32 0"   --->   Operation 13 'specbitsmap' 'specbitsmap_ln0' <Predicate = true> <Delay = 0.00>
ST_6 : Operation 14 [1/1] (0.00ns)   --->   "%spectopmodule_ln47 = spectopmodule void @_ssdm_op_SpecTopModule, void @empty_1" [../course-labA/Interface_Synthesis/lab1/adders.c:47]   --->   Operation 14 'spectopmodule' 'spectopmodule_ln47' <Predicate = true> <Delay = 0.00>
ST_6 : Operation 15 [1/1] (0.00ns)   --->   "%specinterface_ln47 = specinterface void @_ssdm_op_SpecInterface, i32 0, void @empty_2, i32 0, i32 0, void @empty_0, i32 0, i32 0, void @empty_0, void @empty_0, void @empty_0, i32 0, i32 0, i32 0, i32 0, void @empty_0, void @empty_0, i32 4294967295, i32 0" [../course-labA/Interface_Synthesis/lab1/adders.c:47]   --->   Operation 15 'specinterface' 'specinterface_ln47' <Predicate = true> <Delay = 0.00>
ST_6 : Operation 16 [1/1] (0.00ns)   --->   "%specbitsmap_ln0 = specbitsmap void @_ssdm_op_SpecBitsMap, i32 %in1"   --->   Operation 16 'specbitsmap' 'specbitsmap_ln0' <Predicate = true> <Delay = 0.00>
ST_6 : Operation 17 [1/1] (0.00ns)   --->   "%specinterface_ln0 = specinterface void @_ssdm_op_SpecInterface, i32 %in1, void @empty, i32 0, i32 0, void @empty_0, i32 0, i32 0, void @empty_0, void @empty_0, void @empty_0, i32 0, i32 0, i32 0, i32 0, void @empty_0, void @empty_0, i32 4294967295, i32 0"   --->   Operation 17 'specinterface' 'specinterface_ln0' <Predicate = true> <Delay = 0.00>
ST_6 : Operation 18 [1/1] (0.00ns)   --->   "%specbitsmap_ln0 = specbitsmap void @_ssdm_op_SpecBitsMap, i32 %in2"   --->   Operation 18 'specbitsmap' 'specbitsmap_ln0' <Predicate = true> <Delay = 0.00>
ST_6 : Operation 19 [1/1] (0.00ns)   --->   "%specinterface_ln0 = specinterface void @_ssdm_op_SpecInterface, i32 %in2, void @empty, i32 0, i32 0, void @empty_0, i32 0, i32 0, void @empty_0, void @empty_0, void @empty_0, i32 0, i32 0, i32 0, i32 0, void @empty_0, void @empty_0, i32 4294967295, i32 0"   --->   Operation 19 'specinterface' 'specinterface_ln0' <Predicate = true> <Delay = 0.00>
ST_6 : Operation 20 [1/1] (0.00ns)   --->   "%specbitsmap_ln0 = specbitsmap void @_ssdm_op_SpecBitsMap, i32 %in3"   --->   Operation 20 'specbitsmap' 'specbitsmap_ln0' <Predicate = true> <Delay = 0.00>
ST_6 : Operation 21 [1/1] (0.00ns)   --->   "%specinterface_ln0 = specinterface void @_ssdm_op_SpecInterface, i32 %in3, void @empty, i32 0, i32 0, void @empty_0, i32 0, i32 0, void @empty_0, void @empty_0, void @empty_0, i32 0, i32 0, i32 0, i32 0, void @empty_0, void @empty_0, i32 4294967295, i32 0"   --->   Operation 21 'specinterface' 'specinterface_ln0' <Predicate = true> <Delay = 0.00>
ST_6 : Operation 22 [1/1] (0.00ns)   --->   "%in3_read = read i32 @_ssdm_op_Read.ap_auto.i32, i32 %in3" [../course-labA/Interface_Synthesis/lab1/adders.c:47]   --->   Operation 22 'read' 'in3_read' <Predicate = true> <Delay = 0.00>
ST_6 : Operation 23 [1/1] (0.00ns)   --->   "%in2_read = read i32 @_ssdm_op_Read.ap_auto.i32, i32 %in2" [../course-labA/Interface_Synthesis/lab1/adders.c:47]   --->   Operation 23 'read' 'in2_read' <Predicate = true> <Delay = 0.00>
ST_6 : Operation 24 [1/1] (0.00ns) (grouped into TernaryAdder)   --->   "%add_ln50 = add i32 %in2_read, i32 %in3_read" [../course-labA/Interface_Synthesis/lab1/adders.c:50]   --->   Operation 24 'add' 'add_ln50' <Predicate = true> <Delay = 0.00> <CoreInst = "TAddSub">   --->   Core 10 'TAddSub' <Latency = 0> <II = 1> <Delay = 0.45> <IPBlock> <Opcode : 'add' 'sub'> <InPorts = 3> <OutPorts = 1> <Sync> <CReg>
ST_6 : Operation 25 [1/1] (0.90ns) (root node of TernaryAdder)   --->   "%sum = add i32 %add_ln50, i32 %mul_ln50" [../course-labA/Interface_Synthesis/lab1/adders.c:50]   --->   Operation 25 'add' 'sum' <Predicate = true> <Delay = 0.90> <CoreInst = "TAddSub">   --->   Core 10 'TAddSub' <Latency = 0> <II = 1> <Delay = 0.45> <IPBlock> <Opcode : 'add' 'sub'> <InPorts = 3> <OutPorts = 1> <Sync> <CReg>
ST_6 : Operation 26 [1/1] (0.00ns)   --->   "%ret_ln51 = ret i32 %sum" [../course-labA/Interface_Synthesis/lab1/adders.c:51]   --->   Operation 26 'ret' 'ret_ln51' <Predicate = true> <Delay = 0.00>


============================================================
+ Verbose Summary: Binding
============================================================
STG Binding: 
---------------- STG Properties BEGIN ----------------
- Is combinational: 0
- Is one-state seq: 0
- Is datapath-only: 0
- Is pipelined: 0
- Is top level: 1
Port [ Return ] is wired: 1; IO mode=ap_ctrl_none:ce=0
Port [ in1]:  wired=1; compound=0; hidden=0; nouse=0; global=0; static=0; extern=0; dir=0; type=0; pingpong=0; private_global=0; IO mode=ap_none:ce=0
Port [ in2]:  wired=1; compound=0; hidden=0; nouse=0; global=0; static=0; extern=0; dir=0; type=0; pingpong=0; private_global=0; IO mode=ap_none:ce=0
Port [ in3]:  wired=1; compound=0; hidden=0; nouse=0; global=0; static=0; extern=0; dir=0; type=0; pingpong=0; private_global=0; IO mode=ap_none:ce=0
---------------- STG Properties END ------------------

---------------- Datapath Model BEGIN ----------------

<LifeTime>
<method=bitvector/>
in1_read           (read         ) [ 0011110]
mul_ln50           (mul          ) [ 0000001]
specbitsmap_ln0    (specbitsmap  ) [ 0000000]
spectopmodule_ln47 (spectopmodule) [ 0000000]
specinterface_ln47 (specinterface) [ 0000000]
specbitsmap_ln0    (specbitsmap  ) [ 0000000]
specinterface_ln0  (specinterface) [ 0000000]
specbitsmap_ln0    (specbitsmap  ) [ 0000000]
specinterface_ln0  (specinterface) [ 0000000]
specbitsmap_ln0    (specbitsmap  ) [ 0000000]
specinterface_ln0  (specinterface) [ 0000000]
in3_read           (read         ) [ 0000000]
in2_read           (read         ) [ 0000000]
add_ln50           (add          ) [ 0000000]
sum                (add          ) [ 0000000]
ret_ln51           (ret          ) [ 0000000]
</LifeTime>

<model>

<comp_list>
<comp id="0" class="1000" name="in1">
<pin_list>
<pin id="1" dir="1" index="0" bw="1" slack="0"/>
</pin_list>
<bind>
<StgValue><ssdm name="in1"/></StgValue>
</bind>
</comp>

<comp id="2" class="1000" name="in2">
<pin_list>
<pin id="3" dir="1" index="0" bw="1" slack="0"/>
</pin_list>
<bind>
<StgValue><ssdm name="in2"/></StgValue>
</bind>
</comp>

<comp id="4" class="1000" name="in3">
<pin_list>
<pin id="5" dir="1" index="0" bw="1" slack="0"/>
</pin_list>
<bind>
<StgValue><ssdm name="in3"/></StgValue>
</bind>
</comp>

<comp id="6" class="1001" name="const_6">
<pin_list>
<pin id="7" dir="1" index="0" bw="1" slack="0"/>
</pin_list>
<bind>
<StgValue><ssdm name="_ssdm_op_Read.ap_auto.i32"/></StgValue>
</bind>
</comp>

<comp id="8" class="1001" name="const_8">
<pin_list>
<pin id="9" dir="1" index="0" bw="1" slack="0"/>
</pin_list>
<bind>
<StgValue><ssdm name=""/></StgValue>
</bind>
</comp>

<comp id="10" class="1001" name="const_10">
<pin_list>
<pin id="11" dir="1" index="0" bw="1" slack="2147483647"/>
</pin_list>
<bind>
<StgValue><ssdm name="_ssdm_op_SpecBitsMap"/></StgValue>
</bind>
</comp>

<comp id="12" class="1001" name="const_12">
<pin_list>
<pin id="13" dir="1" index="0" bw="1" slack="2147483647"/>
</pin_list>
<bind>
<StgValue><ssdm name=""/></StgValue>
</bind>
</comp>

<comp id="14" class="1001" name="const_14">
<pin_list>
<pin id="15" dir="1" index="0" bw="1" slack="2147483647"/>
</pin_list>
<bind>
<StgValue><ssdm name="_ssdm_op_SpecTopModule"/></StgValue>
</bind>
</comp>

<comp id="16" class="1001" name="const_16">
<pin_list>
<pin id="17" dir="1" index="0" bw="1" slack="2147483647"/>
</pin_list>
<bind>
<StgValue><ssdm name="empty_1"/></StgValue>
</bind>
</comp>

<comp id="18" class="1001" name="const_18">
<pin_list>
<pin id="19" dir="1" index="0" bw="1" slack="2147483647"/>
</pin_list>
<bind>
<StgValue><ssdm name="_ssdm_op_SpecInterface"/></StgValue>
</bind>
</comp>

<comp id="20" class="1001" name="const_20">
<pin_list>
<pin id="21" dir="1" index="0" bw="1" slack="2147483647"/>
</pin_list>
<bind>
<StgValue><ssdm name="empty_2"/></StgValue>
</bind>
</comp>

<comp id="22" class="1001" name="const_22">
<pin_list>
<pin id="23" dir="1" index="0" bw="1" slack="2147483647"/>
</pin_list>
<bind>
<StgValue><ssdm name="empty_0"/></StgValue>
</bind>
</comp>

<comp id="24" class="1001" name="const_24">
<pin_list>
<pin id="25" dir="1" index="0" bw="1" slack="2147483647"/>
</pin_list>
<bind>
<StgValue><ssdm name=""/></StgValue>
</bind>
</comp>

<comp id="26" class="1001" name="const_26">
<pin_list>
<pin id="27" dir="1" index="0" bw="1" slack="2147483647"/>
</pin_list>
<bind>
<StgValue><ssdm name="empty"/></StgValue>
</bind>
</comp>

<comp id="28" class="1004" name="in1_read_read_fu_28">
<pin_list>
<pin id="29" dir="0" index="0" bw="32" slack="0"/>
<pin id="30" dir="0" index="1" bw="32" slack="0"/>
<pin id="31" dir="1" index="2" bw="32" slack="0"/>
</pin_list>
<bind>
<opcode="read(1150) " fcode="read"/>
<opset="in1_read/1 "/>
</bind>
</comp>

<comp id="34" class="1004" name="in3_read_read_fu_34">
<pin_list>
<pin id="35" dir="0" index="0" bw="32" slack="0"/>
<pin id="36" dir="0" index="1" bw="32" slack="0"/>
<pin id="37" dir="1" index="2" bw="32" slack="0"/>
</pin_list>
<bind>
<opcode="read(1150) " fcode="read"/>
<opset="in3_read/6 "/>
</bind>
</comp>

<comp id="40" class="1004" name="in2_read_read_fu_40">
<pin_list>
<pin id="41" dir="0" index="0" bw="32" slack="0"/>
<pin id="42" dir="0" index="1" bw="32" slack="0"/>
<pin id="43" dir="1" index="2" bw="32" slack="0"/>
</pin_list>
<bind>
<opcode="read(1150) " fcode="read"/>
<opset="in2_read/6 "/>
</bind>
</comp>

<comp id="46" class="1004" name="grp_fu_46">
<pin_list>
<pin id="47" dir="0" index="0" bw="32" slack="0"/>
<pin id="48" dir="0" index="1" bw="32" slack="0"/>
<pin id="49" dir="1" index="2" bw="32" slack="1"/>
</pin_list>
<bind>
<opcode="mul(12) " fcode="mul"/>
<opset="mul_ln50/1 "/>
</bind>
</comp>

<comp id="52" class="1004" name="add_ln50_fu_52">
<pin_list>
<pin id="53" dir="0" index="0" bw="32" slack="0"/>
<pin id="54" dir="0" index="1" bw="32" slack="0"/>
<pin id="55" dir="1" index="2" bw="32" slack="0"/>
</pin_list>
<bind>
<opcode="add(8) " fcode="add"/>
<opset="add_ln50/6 "/>
</bind>
</comp>

<comp id="58" class="1004" name="sum_fu_58">
<pin_list>
<pin id="59" dir="0" index="0" bw="32" slack="0"/>
<pin id="60" dir="0" index="1" bw="32" slack="1"/>
<pin id="61" dir="1" index="2" bw="32" slack="2147483647"/>
</pin_list>
<bind>
<opcode="add(8) " fcode="add"/>
<opset="sum/6 "/>
</bind>
</comp>

<comp id="63" class="1005" name="in1_read_reg_63">
<pin_list>
<pin id="64" dir="0" index="0" bw="32" slack="1"/>
<pin id="65" dir="1" index="1" bw="32" slack="1"/>
</pin_list>
<bind>
<opset="in1_read "/>
</bind>
</comp>

<comp id="68" class="1005" name="mul_ln50_reg_68">
<pin_list>
<pin id="69" dir="0" index="0" bw="32" slack="1"/>
<pin id="70" dir="1" index="1" bw="32" slack="1"/>
</pin_list>
<bind>
<opset="mul_ln50 "/>
</bind>
</comp>

</comp_list>

<net_list>
<net id="32"><net_src comp="6" pin="0"/><net_sink comp="28" pin=0"/></net>

<net id="33"><net_src comp="0" pin="0"/><net_sink comp="28" pin=1"/></net>

<net id="38"><net_src comp="6" pin="0"/><net_sink comp="34" pin=0"/></net>

<net id="39"><net_src comp="4" pin="0"/><net_sink comp="34" pin=1"/></net>

<net id="44"><net_src comp="6" pin="0"/><net_sink comp="40" pin=0"/></net>

<net id="45"><net_src comp="2" pin="0"/><net_sink comp="40" pin=1"/></net>

<net id="50"><net_src comp="28" pin="2"/><net_sink comp="46" pin=0"/></net>

<net id="51"><net_src comp="8" pin="0"/><net_sink comp="46" pin=1"/></net>

<net id="56"><net_src comp="40" pin="2"/><net_sink comp="52" pin=0"/></net>

<net id="57"><net_src comp="34" pin="2"/><net_sink comp="52" pin=1"/></net>

<net id="62"><net_src comp="52" pin="2"/><net_sink comp="58" pin=0"/></net>

<net id="66"><net_src comp="28" pin="2"/><net_sink comp="63" pin=0"/></net>

<net id="67"><net_src comp="63" pin="1"/><net_sink comp="46" pin=0"/></net>

<net id="71"><net_src comp="46" pin="2"/><net_sink comp="68" pin=0"/></net>

<net id="72"><net_src comp="68" pin="1"/><net_sink comp="58" pin=1"/></net>

</net_list>

</model> 
---------------- Datapath Model END ------------------

* FSMD analyzer results:
  - Output states:
 - Input state : 
	Port: adders : in1 | {1 }
	Port: adders : in2 | {6 }
	Port: adders : in3 | {6 }
  - Chain level:
	State 1
	State 2
	State 3
	State 4
	State 5
	State 6
		sum : 1
		ret_ln51 : 2


============================================================
+ Verbose Summary: Datapath Resource usage 
============================================================

* Functional unit list:
|----------|---------------------|---------|---------|---------|
| Operation|   Functional Unit   |   DSP   |    FF   |   LUT   |
|----------|---------------------|---------|---------|---------|
|    mul   |      grp_fu_46      |    3    |   215   |    1    |
|----------|---------------------|---------|---------|---------|
|    add   |    add_ln50_fu_52   |    0    |    0    |    32   |
|          |      sum_fu_58      |    0    |    0    |    32   |
|----------|---------------------|---------|---------|---------|
|          | in1_read_read_fu_28 |    0    |    0    |    0    |
|   read   | in3_read_read_fu_34 |    0    |    0    |    0    |
|          | in2_read_read_fu_40 |    0    |    0    |    0    |
|----------|---------------------|---------|---------|---------|
|   Total  |                     |    3    |   215   |    65   |
|----------|---------------------|---------|---------|---------|

Memories:
N/A

* Register list:
+---------------+--------+
|               |   FF   |
+---------------+--------+
|in1_read_reg_63|   32   |
|mul_ln50_reg_68|   32   |
+---------------+--------+
|     Total     |   64   |
+---------------+--------+

* Multiplexer (MUX) list: 
|-----------|------|------|------|--------||---------||---------|
|    Comp   |  Pin | Size |  BW  | S x BW ||  Delay  ||   LUT   |
|-----------|------|------|------|--------||---------||---------|
| grp_fu_46 |  p0  |   2  |  32  |   64   ||    9    |
|-----------|------|------|------|--------||---------||---------|
|   Total   |      |      |      |   64   ||   0.46  ||    9    |
|-----------|------|------|------|--------||---------||---------|



* Summary:
+-----------+--------+--------+--------+--------+
|           |   DSP  |  Delay |   FF   |   LUT  |
+-----------+--------+--------+--------+--------+
|  Function |    3   |    -   |   215  |   65   |
|   Memory  |    -   |    -   |    -   |    -   |
|Multiplexer|    -   |    0   |    -   |    9   |
|  Register |    -   |    -   |   64   |    -   |
+-----------+--------+--------+--------+--------+
|   Total   |    3   |    0   |   279  |   74   |
+-----------+--------+--------+--------+--------+
