   Build using "Z:/Xilinx/Vitis_HLS/2022.1/tps/win64/msys64/mingw64/bin/g++"
   Compiling apatb_adders_io.cpp
   Compiling (apcc) adders_io.c_pre.c.tb.c
INFO: [HLS 200-10] Running 'Z:/Xilinx/Vitis_HLS/2022.1/bin/unwrapped/win64.o/apcc.exe'
INFO: [HLS 200-10] For user 'user' on host 'desktop-h2meuod' (Windows NT_amd64 version 6.2) on Thu Oct 13 16:11:16 +0800 2022
INFO: [HLS 200-10] In directory 'C:/Users/user/Desktop/HLS/labA_vitis/labA-2/solution1/sim/wrapc'
clang: warning: argument unused during compilation: '-fno-builtin-isinf'
clang: warning: argument unused during compilation: '-fno-builtin-isnan'
INFO: [APCC 202-3] Tmp directory is apcc_db
INFO: [APCC 202-1] APCC is done.
INFO: [HLS 200-112] Total CPU user time: 0 seconds. Total CPU system time: 0 seconds. Total elapsed time: 2.286 seconds; peak allocated memory: 0.426 MB.
   Compiling (apcc) adders_io_test.c_pre.c.tb.c
INFO: [HLS 200-10] Running 'Z:/Xilinx/Vitis_HLS/2022.1/bin/unwrapped/win64.o/apcc.exe'
INFO: [HLS 200-10] For user 'user' on host 'desktop-h2meuod' (Windows NT_amd64 version 6.2) on Thu Oct 13 16:11:20 +0800 2022
INFO: [HLS 200-10] In directory 'C:/Users/user/Desktop/HLS/labA_vitis/labA-2/solution1/sim/wrapc'
clang: warning: argument unused during compilation: '-fno-builtin-isinf'
clang: warning: argument unused during compilation: '-fno-builtin-isnan'
INFO: [APCC 202-3] Tmp directory is apcc_db
INFO: [APCC 202-1] APCC is done.
INFO: [HLS 200-112] Total CPU user time: 0 seconds. Total CPU system time: 0 seconds. Total elapsed time: 2.269 seconds; peak allocated memory: 0.648 MB.
   Compiling apatb_adders_io_ir.ll
   Generating cosim.tv.exe
