

================================================================
== Vitis HLS Report for 'adders_io'
================================================================
* Date:           Thu Oct 13 16:05:03 2022

* Version:        2022.1 (Build 3526262 on Mon Apr 18 15:48:16 MDT 2022)
* Project:        labA-2
* Solution:       solution1 (Vivado IP Flow Target)
* Product family: virtexuplus
* Target device:  xcvu9p-flgb2104-1-e


================================================================
== Performance Estimates
================================================================
+ Timing: 
    * Summary: 
    +--------+---------+----------+------------+
    |  Clock |  Target | Estimated| Uncertainty|
    +--------+---------+----------+------------+
    |ap_clk  |  2.00 ns|  0.907 ns|     0.54 ns|
    +--------+---------+----------+------------+

+ Latency: 
    * Summary: 
    +---------+---------+----------+----------+-----+-----+---------+
    |  Latency (cycles) |  Latency (absolute) |  Interval | Pipeline|
    |   min   |   max   |    min   |    max   | min | max |   Type  |
    +---------+---------+----------+----------+-----+-----+---------+
    |        2|        2|  4.000 ns|  4.000 ns|    3|    3|       no|
    +---------+---------+----------+----------+-----+-----+---------+

    + Detail: 
        * Instance: 
        N/A

        * Loop: 
        N/A

============================================================
+ Verbose Summary: Synthesis Manager
============================================================
InlineROM: 1
ExposeGlobal: 0
============================================================
+ Verbose Summary: CDFG Model
============================================================
IsTopModel: 1
ResetActiveHigh: 1
IsCombinational: 0
IsDatapathOnly: 0
HasWiredReturn: 1
HasMFsm: 0
HasVarLatency: 1
IsPipeline: 0
IsRtlPipelined: 0
IsInstanceOverlapped: 0
IsDontTouch: 0
HasImplIP: 0
IsGatedGlobalClock: 0


============================================================
+ Verbose Summary: Schedule
============================================================
* Number of FSM states : 3
* Pipeline : 0
* Dataflow Pipeline: 0

* FSM state transitions: 
1 --> 2 
2 --> 3 
3 --> 

* FSM state operations: 

State 1 <SV = 0> <Delay = 0.00>
ST_1 : Operation 4 [1/1] (0.00ns)   --->   "%in2_read = read i32 @_ssdm_op_Read.ap_vld.i32, i32 %in2" [../course-labA/Interface_Synthesis/lab2/adders_io.c:48]   --->   Operation 4 'read' 'in2_read' <Predicate = true> <Delay = 0.00>
ST_1 : Operation 5 [1/1] (0.00ns)   --->   "%in1_read = read i32 @_ssdm_op_Read.ap_vld.i32, i32 %in1" [../course-labA/Interface_Synthesis/lab2/adders_io.c:48]   --->   Operation 5 'read' 'in1_read' <Predicate = true> <Delay = 0.00>
ST_1 : Operation 6 [2/2] (0.00ns)   --->   "%in_out1_read = read i32 @_ssdm_op_Read.ap_hs.i32P0A, i32 %in_out1" [../course-labA/Interface_Synthesis/lab2/adders_io.c:53]   --->   Operation 6 'read' 'in_out1_read' <Predicate = true> <Delay = 0.00>

State 2 <SV = 1> <Delay = 0.90>
ST_2 : Operation 7 [1/2] (0.00ns)   --->   "%in_out1_read = read i32 @_ssdm_op_Read.ap_hs.i32P0A, i32 %in_out1" [../course-labA/Interface_Synthesis/lab2/adders_io.c:53]   --->   Operation 7 'read' 'in_out1_read' <Predicate = true> <Delay = 0.00>
ST_2 : Operation 8 [1/1] (0.00ns) (grouped into TernaryAdder)   --->   "%add_ln53 = add i32 %in2_read, i32 %in1_read" [../course-labA/Interface_Synthesis/lab2/adders_io.c:53]   --->   Operation 8 'add' 'add_ln53' <Predicate = true> <Delay = 0.00> <CoreInst = "TAddSub">   --->   Core 10 'TAddSub' <Latency = 0> <II = 1> <Delay = 0.45> <IPBlock> <Opcode : 'add' 'sub'> <InPorts = 3> <OutPorts = 1> <Sync> <CReg>
ST_2 : Operation 9 [1/1] (0.90ns) (root node of TernaryAdder)   --->   "%add_ln53_1 = add i32 %add_ln53, i32 %in_out1_read" [../course-labA/Interface_Synthesis/lab2/adders_io.c:53]   --->   Operation 9 'add' 'add_ln53_1' <Predicate = true> <Delay = 0.90> <CoreInst = "TAddSub">   --->   Core 10 'TAddSub' <Latency = 0> <II = 1> <Delay = 0.45> <IPBlock> <Opcode : 'add' 'sub'> <InPorts = 3> <OutPorts = 1> <Sync> <CReg>
ST_2 : Operation 10 [2/2] (0.00ns)   --->   "%write_ln53 = write void @_ssdm_op_Write.ap_hs.i32P0A, i32 %in_out1, i32 %add_ln53_1" [../course-labA/Interface_Synthesis/lab2/adders_io.c:53]   --->   Operation 10 'write' 'write_ln53' <Predicate = true> <Delay = 0.00>

State 3 <SV = 2> <Delay = 0.00>
ST_3 : Operation 11 [1/1] (0.00ns)   --->   "%spectopmodule_ln48 = spectopmodule void @_ssdm_op_SpecTopModule, void @empty_2" [../course-labA/Interface_Synthesis/lab2/adders_io.c:48]   --->   Operation 11 'spectopmodule' 'spectopmodule_ln48' <Predicate = true> <Delay = 0.00>
ST_3 : Operation 12 [1/1] (0.00ns)   --->   "%specbitsmap_ln0 = specbitsmap void @_ssdm_op_SpecBitsMap, i32 %in1"   --->   Operation 12 'specbitsmap' 'specbitsmap_ln0' <Predicate = true> <Delay = 0.00>
ST_3 : Operation 13 [1/1] (0.00ns)   --->   "%specinterface_ln0 = specinterface void @_ssdm_op_SpecInterface, i32 %in1, void @empty, i32 0, i32 0, void @empty_0, i32 0, i32 0, void @empty_0, void @empty_0, void @empty_0, i32 0, i32 0, i32 0, i32 0, void @empty_0, void @empty_0, i32 4294967295, i32 0"   --->   Operation 13 'specinterface' 'specinterface_ln0' <Predicate = true> <Delay = 0.00>
ST_3 : Operation 14 [1/1] (0.00ns)   --->   "%specbitsmap_ln0 = specbitsmap void @_ssdm_op_SpecBitsMap, i32 %in2"   --->   Operation 14 'specbitsmap' 'specbitsmap_ln0' <Predicate = true> <Delay = 0.00>
ST_3 : Operation 15 [1/1] (0.00ns)   --->   "%specinterface_ln0 = specinterface void @_ssdm_op_SpecInterface, i32 %in2, void @empty, i32 0, i32 0, void @empty_0, i32 0, i32 0, void @empty_0, void @empty_0, void @empty_0, i32 0, i32 0, i32 0, i32 0, void @empty_0, void @empty_0, i32 4294967295, i32 0"   --->   Operation 15 'specinterface' 'specinterface_ln0' <Predicate = true> <Delay = 0.00>
ST_3 : Operation 16 [1/1] (0.00ns)   --->   "%specbitsmap_ln0 = specbitsmap void @_ssdm_op_SpecBitsMap, i32 %in_out1"   --->   Operation 16 'specbitsmap' 'specbitsmap_ln0' <Predicate = true> <Delay = 0.00>
ST_3 : Operation 17 [1/1] (0.00ns)   --->   "%specinterface_ln0 = specinterface void @_ssdm_op_SpecInterface, i32 %in_out1, void @empty_1, i32 0, i32 0, void @empty_0, i32 0, i32 0, void @empty_0, void @empty_0, void @empty_0, i32 0, i32 0, i32 0, i32 0, void @empty_0, void @empty_0, i32 4294967295, i32 0"   --->   Operation 17 'specinterface' 'specinterface_ln0' <Predicate = true> <Delay = 0.00>
ST_3 : Operation 18 [1/2] (0.00ns)   --->   "%write_ln53 = write void @_ssdm_op_Write.ap_hs.i32P0A, i32 %in_out1, i32 %add_ln53_1" [../course-labA/Interface_Synthesis/lab2/adders_io.c:53]   --->   Operation 18 'write' 'write_ln53' <Predicate = true> <Delay = 0.00>
ST_3 : Operation 19 [1/1] (0.00ns)   --->   "%ret_ln56 = ret" [../course-labA/Interface_Synthesis/lab2/adders_io.c:56]   --->   Operation 19 'ret' 'ret_ln56' <Predicate = true> <Delay = 0.00>


============================================================
+ Verbose Summary: Binding
============================================================
STG Binding: 
---------------- STG Properties BEGIN ----------------
- Is combinational: 0
- Is one-state seq: 0
- Is datapath-only: 0
- Is pipelined: 0
- Is top level: 1
Port [ Return ] is wired: 1; IO mode=ap_ctrl_hs:ce=0
Port [ in1]:  wired=1; compound=0; hidden=0; nouse=0; global=0; static=0; extern=0; dir=0; type=0; pingpong=0; private_global=0; IO mode=ap_vld:ce=0
Port [ in2]:  wired=1; compound=0; hidden=0; nouse=0; global=0; static=0; extern=0; dir=0; type=0; pingpong=0; private_global=0; IO mode=ap_vld:ce=0
Port [ in_out1]:  wired=1; compound=0; hidden=0; nouse=0; global=0; static=0; extern=0; dir=2; type=0; pingpong=0; private_global=0; IO mode=ap_hs:ce=0
---------------- STG Properties END ------------------

---------------- Datapath Model BEGIN ----------------

<LifeTime>
<method=bitvector/>
in2_read           (read         ) [ 0010]
in1_read           (read         ) [ 0010]
in_out1_read       (read         ) [ 0000]
add_ln53           (add          ) [ 0000]
add_ln53_1         (add          ) [ 0001]
spectopmodule_ln48 (spectopmodule) [ 0000]
specbitsmap_ln0    (specbitsmap  ) [ 0000]
specinterface_ln0  (specinterface) [ 0000]
specbitsmap_ln0    (specbitsmap  ) [ 0000]
specinterface_ln0  (specinterface) [ 0000]
specbitsmap_ln0    (specbitsmap  ) [ 0000]
specinterface_ln0  (specinterface) [ 0000]
write_ln53         (write        ) [ 0000]
ret_ln56           (ret          ) [ 0000]
</LifeTime>

<model>

<comp_list>
<comp id="0" class="1000" name="in1">
<pin_list>
<pin id="1" dir="1" index="0" bw="1" slack="0"/>
</pin_list>
<bind>
<StgValue><ssdm name="in1"/></StgValue>
</bind>
</comp>

<comp id="2" class="1000" name="in2">
<pin_list>
<pin id="3" dir="1" index="0" bw="1" slack="0"/>
</pin_list>
<bind>
<StgValue><ssdm name="in2"/></StgValue>
</bind>
</comp>

<comp id="4" class="1000" name="in_out1">
<pin_list>
<pin id="5" dir="1" index="0" bw="1" slack="0"/>
</pin_list>
<bind>
<StgValue><ssdm name="in_out1"/></StgValue>
</bind>
</comp>

<comp id="6" class="1001" name="const_6">
<pin_list>
<pin id="7" dir="1" index="0" bw="1" slack="0"/>
</pin_list>
<bind>
<StgValue><ssdm name="_ssdm_op_Read.ap_vld.i32"/></StgValue>
</bind>
</comp>

<comp id="8" class="1001" name="const_8">
<pin_list>
<pin id="9" dir="1" index="0" bw="1" slack="0"/>
</pin_list>
<bind>
<StgValue><ssdm name="_ssdm_op_Read.ap_hs.i32P0A"/></StgValue>
</bind>
</comp>

<comp id="10" class="1001" name="const_10">
<pin_list>
<pin id="11" dir="1" index="0" bw="1" slack="0"/>
</pin_list>
<bind>
<StgValue><ssdm name="_ssdm_op_Write.ap_hs.i32P0A"/></StgValue>
</bind>
</comp>

<comp id="12" class="1001" name="const_12">
<pin_list>
<pin id="13" dir="1" index="0" bw="1" slack="2147483647"/>
</pin_list>
<bind>
<StgValue><ssdm name="_ssdm_op_SpecTopModule"/></StgValue>
</bind>
</comp>

<comp id="14" class="1001" name="const_14">
<pin_list>
<pin id="15" dir="1" index="0" bw="1" slack="2147483647"/>
</pin_list>
<bind>
<StgValue><ssdm name="empty_2"/></StgValue>
</bind>
</comp>

<comp id="16" class="1001" name="const_16">
<pin_list>
<pin id="17" dir="1" index="0" bw="1" slack="2147483647"/>
</pin_list>
<bind>
<StgValue><ssdm name="_ssdm_op_SpecBitsMap"/></StgValue>
</bind>
</comp>

<comp id="18" class="1001" name="const_18">
<pin_list>
<pin id="19" dir="1" index="0" bw="1" slack="2147483647"/>
</pin_list>
<bind>
<StgValue><ssdm name="_ssdm_op_SpecInterface"/></StgValue>
</bind>
</comp>

<comp id="20" class="1001" name="const_20">
<pin_list>
<pin id="21" dir="1" index="0" bw="1" slack="2147483647"/>
</pin_list>
<bind>
<StgValue><ssdm name="empty"/></StgValue>
</bind>
</comp>

<comp id="22" class="1001" name="const_22">
<pin_list>
<pin id="23" dir="1" index="0" bw="1" slack="2147483647"/>
</pin_list>
<bind>
<StgValue><ssdm name=""/></StgValue>
</bind>
</comp>

<comp id="24" class="1001" name="const_24">
<pin_list>
<pin id="25" dir="1" index="0" bw="1" slack="2147483647"/>
</pin_list>
<bind>
<StgValue><ssdm name="empty_0"/></StgValue>
</bind>
</comp>

<comp id="26" class="1001" name="const_26">
<pin_list>
<pin id="27" dir="1" index="0" bw="1" slack="2147483647"/>
</pin_list>
<bind>
<StgValue><ssdm name=""/></StgValue>
</bind>
</comp>

<comp id="28" class="1001" name="const_28">
<pin_list>
<pin id="29" dir="1" index="0" bw="1" slack="2147483647"/>
</pin_list>
<bind>
<StgValue><ssdm name="empty_1"/></StgValue>
</bind>
</comp>

<comp id="30" class="1004" name="in2_read_read_fu_30">
<pin_list>
<pin id="31" dir="0" index="0" bw="32" slack="0"/>
<pin id="32" dir="0" index="1" bw="32" slack="0"/>
<pin id="33" dir="1" index="2" bw="32" slack="1"/>
</pin_list>
<bind>
<opcode="read(1150) " fcode="read"/>
<opset="in2_read/1 "/>
</bind>
</comp>

<comp id="36" class="1004" name="in1_read_read_fu_36">
<pin_list>
<pin id="37" dir="0" index="0" bw="32" slack="0"/>
<pin id="38" dir="0" index="1" bw="32" slack="0"/>
<pin id="39" dir="1" index="2" bw="32" slack="1"/>
</pin_list>
<bind>
<opcode="read(1150) " fcode="read"/>
<opset="in1_read/1 "/>
</bind>
</comp>

<comp id="42" class="1004" name="grp_read_fu_42">
<pin_list>
<pin id="43" dir="0" index="0" bw="32" slack="0"/>
<pin id="44" dir="0" index="1" bw="32" slack="0"/>
<pin id="45" dir="1" index="2" bw="32" slack="0"/>
</pin_list>
<bind>
<opcode="read(1150) " fcode="read"/>
<opset="in_out1_read/1 "/>
</bind>
</comp>

<comp id="48" class="1004" name="grp_write_fu_48">
<pin_list>
<pin id="49" dir="0" index="0" bw="0" slack="0"/>
<pin id="50" dir="0" index="1" bw="32" slack="0"/>
<pin id="51" dir="0" index="2" bw="32" slack="0"/>
<pin id="52" dir="1" index="3" bw="0" slack="2147483647"/>
</pin_list>
<bind>
<opcode="write(1151) " fcode="write"/>
<opset="write_ln53/2 "/>
</bind>
</comp>

<comp id="55" class="1004" name="add_ln53_fu_55">
<pin_list>
<pin id="56" dir="0" index="0" bw="32" slack="1"/>
<pin id="57" dir="0" index="1" bw="32" slack="1"/>
<pin id="58" dir="1" index="2" bw="32" slack="0"/>
</pin_list>
<bind>
<opcode="add(8) " fcode="add"/>
<opset="add_ln53/2 "/>
</bind>
</comp>

<comp id="59" class="1004" name="add_ln53_1_fu_59">
<pin_list>
<pin id="60" dir="0" index="0" bw="32" slack="0"/>
<pin id="61" dir="0" index="1" bw="32" slack="0"/>
<pin id="62" dir="1" index="2" bw="32" slack="0"/>
</pin_list>
<bind>
<opcode="add(8) " fcode="add"/>
<opset="add_ln53_1/2 "/>
</bind>
</comp>

<comp id="66" class="1005" name="in2_read_reg_66">
<pin_list>
<pin id="67" dir="0" index="0" bw="32" slack="1"/>
<pin id="68" dir="1" index="1" bw="32" slack="1"/>
</pin_list>
<bind>
<opset="in2_read "/>
</bind>
</comp>

<comp id="71" class="1005" name="in1_read_reg_71">
<pin_list>
<pin id="72" dir="0" index="0" bw="32" slack="1"/>
<pin id="73" dir="1" index="1" bw="32" slack="1"/>
</pin_list>
<bind>
<opset="in1_read "/>
</bind>
</comp>

<comp id="76" class="1005" name="add_ln53_1_reg_76">
<pin_list>
<pin id="77" dir="0" index="0" bw="32" slack="1"/>
<pin id="78" dir="1" index="1" bw="32" slack="1"/>
</pin_list>
<bind>
<opset="add_ln53_1 "/>
</bind>
</comp>

</comp_list>

<net_list>
<net id="34"><net_src comp="6" pin="0"/><net_sink comp="30" pin=0"/></net>

<net id="35"><net_src comp="2" pin="0"/><net_sink comp="30" pin=1"/></net>

<net id="40"><net_src comp="6" pin="0"/><net_sink comp="36" pin=0"/></net>

<net id="41"><net_src comp="0" pin="0"/><net_sink comp="36" pin=1"/></net>

<net id="46"><net_src comp="8" pin="0"/><net_sink comp="42" pin=0"/></net>

<net id="47"><net_src comp="4" pin="0"/><net_sink comp="42" pin=1"/></net>

<net id="53"><net_src comp="10" pin="0"/><net_sink comp="48" pin=0"/></net>

<net id="54"><net_src comp="4" pin="0"/><net_sink comp="48" pin=1"/></net>

<net id="63"><net_src comp="55" pin="2"/><net_sink comp="59" pin=0"/></net>

<net id="64"><net_src comp="42" pin="2"/><net_sink comp="59" pin=1"/></net>

<net id="65"><net_src comp="59" pin="2"/><net_sink comp="48" pin=2"/></net>

<net id="69"><net_src comp="30" pin="2"/><net_sink comp="66" pin=0"/></net>

<net id="70"><net_src comp="66" pin="1"/><net_sink comp="55" pin=0"/></net>

<net id="74"><net_src comp="36" pin="2"/><net_sink comp="71" pin=0"/></net>

<net id="75"><net_src comp="71" pin="1"/><net_sink comp="55" pin=1"/></net>

<net id="79"><net_src comp="59" pin="2"/><net_sink comp="76" pin=0"/></net>

<net id="80"><net_src comp="76" pin="1"/><net_sink comp="48" pin=2"/></net>

</net_list>

</model> 
---------------- Datapath Model END ------------------

* FSMD analyzer results:
  - Output states:
	Port: in_out1 | {3 }
 - Input state : 
	Port: adders_io : in1 | {1 }
	Port: adders_io : in2 | {1 }
	Port: adders_io : in_out1 | {1 }
  - Chain level:
	State 1
	State 2
		add_ln53_1 : 1
		write_ln53 : 2
	State 3


============================================================
+ Verbose Summary: Datapath Resource usage 
============================================================

* Functional unit list:
|----------|---------------------|---------|---------|
| Operation|   Functional Unit   |    FF   |   LUT   |
|----------|---------------------|---------|---------|
|    add   |    add_ln53_fu_55   |    0    |    32   |
|          |   add_ln53_1_fu_59  |    0    |    32   |
|----------|---------------------|---------|---------|
|          | in2_read_read_fu_30 |    0    |    0    |
|   read   | in1_read_read_fu_36 |    0    |    0    |
|          |    grp_read_fu_42   |    0    |    0    |
|----------|---------------------|---------|---------|
|   write  |   grp_write_fu_48   |    0    |    0    |
|----------|---------------------|---------|---------|
|   Total  |                     |    0    |    64   |
|----------|---------------------|---------|---------|

Memories:
N/A

* Register list:
+-----------------+--------+
|                 |   FF   |
+-----------------+--------+
|add_ln53_1_reg_76|   32   |
| in1_read_reg_71 |   32   |
| in2_read_reg_66 |   32   |
+-----------------+--------+
|      Total      |   96   |
+-----------------+--------+

* Multiplexer (MUX) list: 
|-----------------|------|------|------|--------||---------||---------|
|       Comp      |  Pin | Size |  BW  | S x BW ||  Delay  ||   LUT   |
|-----------------|------|------|------|--------||---------||---------|
| grp_write_fu_48 |  p2  |   2  |  32  |   64   ||    9    |
|-----------------|------|------|------|--------||---------||---------|
|      Total      |      |      |      |   64   ||   0.46  ||    9    |
|-----------------|------|------|------|--------||---------||---------|



* Summary:
+-----------+--------+--------+--------+
|           |  Delay |   FF   |   LUT  |
+-----------+--------+--------+--------+
|  Function |    -   |    0   |   64   |
|   Memory  |    -   |    -   |    -   |
|Multiplexer|    0   |    -   |    9   |
|  Register |    -   |   96   |    -   |
+-----------+--------+--------+--------+
|   Total   |    0   |   96   |   73   |
+-----------+--------+--------+--------+
