Vivado Simulator v2022.1
Copyright 1986-1999, 2001-2022 Xilinx, Inc. All Rights Reserved.
Running: Z:/Xilinx/Vivado/2022.1/bin/unwrapped/win64.o/xelab.exe xil_defaultlib.apatb_axi_interfaces_top glbl -Oenable_linking_all_libraries -prj axi_interfaces.prj -L smartconnect_v1_0 -L axi_protocol_checker_v1_1_12 -L axi_protocol_checker_v1_1_13 -L axis_protocol_checker_v1_1_11 -L axis_protocol_checker_v1_1_12 -L xil_defaultlib -L unisims_ver -L xpm -L floating_point_v7_0_20 -L floating_point_v7_1_14 --lib ieee_proposed=./ieee_proposed -s axi_interfaces -debug wave 
Multi-threading is on. Using 6 slave threads.
INFO: [VRFC 10-2263] Analyzing SystemVerilog file "C:/Users/user/Desktop/HLS/labA_vitis/labA-4/solution1/sim/verilog/glbl.v" into library work
INFO: [VRFC 10-311] analyzing module glbl
INFO: [VRFC 10-2263] Analyzing SystemVerilog file "C:/Users/user/Desktop/HLS/labA_vitis/labA-4/solution1/sim/verilog/AESL_axi_s_d_i.v" into library xil_defaultlib
INFO: [VRFC 10-311] analyzing module AESL_axi_s_d_i
INFO: [VRFC 10-2263] Analyzing SystemVerilog file "C:/Users/user/Desktop/HLS/labA_vitis/labA-4/solution1/sim/verilog/AESL_axi_s_d_o.v" into library xil_defaultlib
INFO: [VRFC 10-311] analyzing module AESL_axi_s_d_o
INFO: [VRFC 10-2263] Analyzing SystemVerilog file "C:/Users/user/Desktop/HLS/labA_vitis/labA-4/solution1/sim/verilog/AESL_deadlock_idx0_monitor.v" into library xil_defaultlib
INFO: [VRFC 10-311] analyzing module AESL_deadlock_idx0_monitor
INFO: [VRFC 10-2263] Analyzing SystemVerilog file "C:/Users/user/Desktop/HLS/labA_vitis/labA-4/solution1/sim/verilog/AESL_deadlock_kernel_monitor_top.v" into library xil_defaultlib
INFO: [VRFC 10-311] analyzing module AESL_deadlock_kernel_monitor_top
WARNING: [VRFC 10-3824] variable 'block_delay' must explicitly be declared as automatic or static [C:/Users/user/Desktop/HLS/labA_vitis/labA-4/solution1/sim/verilog/AESL_deadlock_kernel_monitor_top.v:29]
INFO: [VRFC 10-2263] Analyzing SystemVerilog file "C:/Users/user/Desktop/HLS/labA_vitis/labA-4/solution1/sim/verilog/AESL_fifo.v" into library xil_defaultlib
INFO: [VRFC 10-311] analyzing module fifo
INFO: [VRFC 10-2263] Analyzing SystemVerilog file "C:/Users/user/Desktop/HLS/labA_vitis/labA-4/solution1/sim/verilog/axi_interfaces.autotb.v" into library xil_defaultlib
INFO: [VRFC 10-311] analyzing module apatb_axi_interfaces_top
INFO: [VRFC 10-2263] Analyzing SystemVerilog file "C:/Users/user/Desktop/HLS/labA_vitis/labA-4/solution1/sim/verilog/axi_interfaces.v" into library xil_defaultlib
INFO: [VRFC 10-311] analyzing module axi_interfaces
INFO: [VRFC 10-2263] Analyzing SystemVerilog file "C:/Users/user/Desktop/HLS/labA_vitis/labA-4/solution1/sim/verilog/axi_interfaces_acc_RAM_AUTO_1R1W.v" into library xil_defaultlib
INFO: [VRFC 10-311] analyzing module axi_interfaces_acc_RAM_AUTO_1R1W
INFO: [VRFC 10-2263] Analyzing SystemVerilog file "C:/Users/user/Desktop/HLS/labA_vitis/labA-4/solution1/sim/verilog/axi_interfaces_flow_control_loop_pipe.v" into library xil_defaultlib
INFO: [VRFC 10-311] analyzing module axi_interfaces_flow_control_loop_pipe
INFO: [VRFC 10-2263] Analyzing SystemVerilog file "C:/Users/user/Desktop/HLS/labA_vitis/labA-4/solution1/sim/verilog/axi_interfaces_regslice_both.v" into library xil_defaultlib
INFO: [VRFC 10-311] analyzing module axi_interfaces_regslice_both
INFO: [VRFC 10-311] analyzing module axi_interfaces_regslice_both_w1
INFO: [VRFC 10-2263] Analyzing SystemVerilog file "C:/Users/user/Desktop/HLS/labA_vitis/labA-4/solution1/sim/verilog/dataflow_monitor.sv" into library xil_defaultlib
INFO: [VRFC 10-311] analyzing module dataflow_monitor
Starting static elaboration
Pass Through NonSizing Optimizer
WARNING: [VRFC 10-3645] port 'axis_block_info' remains unconnected for this instance [C:/Users/user/Desktop/HLS/labA_vitis/labA-4/solution1/sim/verilog/AESL_deadlock_kernel_monitor_top.v:19]
Completed static elaboration
Starting simulation data flow analysis
Completed simulation data flow analysis
Time Resolution for simulation is 1ps
Compiling package xil_defaultlib.$unit_dataflow_monitor_sv
Compiling module xil_defaultlib.axi_interfaces_acc_RAM_AUTO_1R1W
Compiling module xil_defaultlib.axi_interfaces_flow_control_loop...
Compiling module xil_defaultlib.axi_interfaces_regslice_both(Dat...
Compiling module xil_defaultlib.axi_interfaces
Compiling module xil_defaultlib.fifo(DEPTH=32,WIDTH=16)
Compiling module xil_defaultlib.AESL_axi_s_d_o
Compiling module xil_defaultlib.AESL_axi_s_d_i
Compiling module xil_defaultlib.AESL_deadlock_idx0_monitor
Compiling module xil_defaultlib.AESL_deadlock_kernel_monitor_top...
Compiling module xil_defaultlib.nodf_module_intf
Compiling module xil_defaultlib.upc_loop_intf(FSM_WIDTH=4)
Compiling module xil_defaultlib.dataflow_monitor_1
Compiling module xil_defaultlib.apatb_axi_interfaces_top
Compiling module work.glbl
Built simulation snapshot axi_interfaces
